{"C:\\Storage\\Development\\Projects\\Tauri\\GeoSource\\GeoSource.Template\\src\\app\\mainWindow\\window\\window.tsx": {"path":"C:\\Storage\\Development\\Projects\\Tauri\\GeoSource\\GeoSource.Template\\src\\app\\mainWindow\\window\\window.tsx","statementMap":{"0":{"start":{"line":1,"column":0},"end":{"line":1,"column":null}},"1":{"start":{"line":10,"column":6},"end":{"line":53,"column":null}},"2":{"start":{"line":11,"column":2},"end":{"line":51,"column":null}}},"fnMap":{"0":{"name":"(anonymous_0)","decl":{"start":{"line":10,"column":6},"end":{"line":10,"column":36}},"loc":{"start":{"line":10,"column":36},"end":{"line":53,"column":null}},"line":10}},"branchMap":{},"s":{"0":1,"1":1,"2":1},"f":{"0":1},"b":{},"meta":{"lastBranch":0,"lastFunction":1,"lastStatement":3,"seen":{"s:1:0:1:Infinity":0,"s:10:6:53:Infinity":1,"f:10:6:10:36":0,"s:11:2:51:Infinity":2},"fnNames":{}}}
,"C:\\Storage\\Development\\Projects\\Tauri\\GeoSource\\GeoSource.Template\\src\\components\\ui\\Titlebar\\Titlebar.tsx": {"path":"C:\\Storage\\Development\\Projects\\Tauri\\GeoSource\\GeoSource.Template\\src\\components\\ui\\Titlebar\\Titlebar.tsx","statementMap":{"0":{"start":{"line":1,"column":0},"end":{"line":1,"column":null}},"1":{"start":{"line":20,"column":6},"end":{"line":86,"column":null}},"2":{"start":{"line":21,"column":40},"end":{"line":21,"column":55}},"3":{"start":{"line":23,"column":2},"end":{"line":84,"column":null}}},"fnMap":{"0":{"name":"(anonymous_0)","decl":{"start":{"line":20,"column":6},"end":{"line":20,"column":37}},"loc":{"start":{"line":20,"column":74},"end":{"line":86,"column":null}},"line":20}},"branchMap":{"0":{"loc":{"start":{"line":20,"column":39},"end":{"line":20,"column":74}},"type":"default-arg","locations":[{"start":{"line":20,"column":47},"end":{"line":20,"column":74}}],"line":20}},"s":{"0":1,"1":1,"2":3,"3":3},"f":{"0":3},"b":{"0":[3]},"meta":{"lastBranch":1,"lastFunction":1,"lastStatement":4,"seen":{"s:1:0:1:Infinity":0,"s:20:6:86:Infinity":1,"f:20:6:20:37":0,"b:20:47:20:74":0,"s:21:40:21:55":2,"s:23:2:84:Infinity":3},"fnNames":{}}}
,"C:\\Storage\\Development\\Projects\\Tauri\\GeoSource\\GeoSource.Template\\src\\components\\ui\\Titlebar\\TrafficLights.tsx": {"path":"C:\\Storage\\Development\\Projects\\Tauri\\GeoSource\\GeoSource.Template\\src\\components\\ui\\Titlebar\\TrafficLights.tsx","statementMap":{"0":{"start":{"line":1,"column":0},"end":{"line":1,"column":null}},"1":{"start":{"line":17,"column":6},"end":{"line":153,"column":null}},"2":{"start":{"line":22,"column":2},"end":{"line":151,"column":null}},"3":{"start":{"line":56,"column":10},"end":{"line":56,"column":null}},"4":{"start":{"line":59,"column":10},"end":{"line":59,"column":null}},"5":{"start":{"line":95,"column":10},"end":{"line":95,"column":null}},"6":{"start":{"line":98,"column":10},"end":{"line":98,"column":null}},"7":{"start":{"line":134,"column":10},"end":{"line":134,"column":null}},"8":{"start":{"line":137,"column":10},"end":{"line":137,"column":null}}},"fnMap":{"0":{"name":"(anonymous_0)","decl":{"start":{"line":17,"column":6},"end":{"line":17,"column":47}},"loc":{"start":{"line":21,"column":6},"end":{"line":153,"column":null}},"line":21},"1":{"name":"(anonymous_1)","decl":{"start":{"line":55,"column":8},"end":{"line":55,"column":23}},"loc":{"start":{"line":55,"column":29},"end":{"line":57,"column":null}},"line":55},"2":{"name":"(anonymous_2)","decl":{"start":{"line":58,"column":8},"end":{"line":58,"column":23}},"loc":{"start":{"line":58,"column":29},"end":{"line":60,"column":null}},"line":58},"3":{"name":"(anonymous_3)","decl":{"start":{"line":94,"column":8},"end":{"line":94,"column":23}},"loc":{"start":{"line":94,"column":29},"end":{"line":96,"column":null}},"line":94},"4":{"name":"(anonymous_4)","decl":{"start":{"line":97,"column":8},"end":{"line":97,"column":23}},"loc":{"start":{"line":97,"column":29},"end":{"line":99,"column":null}},"line":97},"5":{"name":"(anonymous_5)","decl":{"start":{"line":133,"column":8},"end":{"line":133,"column":23}},"loc":{"start":{"line":133,"column":29},"end":{"line":135,"column":null}},"line":133},"6":{"name":"(anonymous_6)","decl":{"start":{"line":136,"column":8},"end":{"line":136,"column":23}},"loc":{"start":{"line":136,"column":29},"end":{"line":138,"column":null}},"line":136}},"branchMap":{},"s":{"0":3,"1":3,"2":12,"3":1,"4":1,"5":1,"6":1,"7":1,"8":1},"f":{"0":12,"1":1,"2":1,"3":1,"4":1,"5":1,"6":1},"b":{},"meta":{"lastBranch":0,"lastFunction":7,"lastStatement":9,"seen":{"s:1:0:1:Infinity":0,"s:17:6:153:Infinity":1,"f:17:6:17:47":0,"s:22:2:151:Infinity":2,"f:55:8:55:23":1,"s:56:10:56:Infinity":3,"f:58:8:58:23":2,"s:59:10:59:Infinity":4,"f:94:8:94:23":3,"s:95:10:95:Infinity":5,"f:97:8:97:23":4,"s:98:10:98:Infinity":6,"f:133:8:133:23":5,"s:134:10:134:Infinity":7,"f:136:8:136:23":6,"s:137:10:137:Infinity":8},"fnNames":{}}}
,"C:\\Storage\\Development\\Projects\\Tauri\\GeoSource\\GeoSource.Template\\src\\hooks\\useTauriWindow.ts": {"path":"C:\\Storage\\Development\\Projects\\Tauri\\GeoSource\\GeoSource.Template\\src\\hooks\\useTauriWindow.ts","statementMap":{"0":{"start":{"line":1,"column":0},"end":{"line":1,"column":null}},"1":{"start":{"line":10,"column":48},"end":{"line":10,"column":null}},"2":{"start":{"line":13,"column":2},"end":{"line":15,"column":null}},"3":{"start":{"line":14,"column":4},"end":{"line":14,"column":null}},"4":{"start":{"line":16,"column":2},"end":{"line":16,"column":null}},"5":{"start":{"line":26,"column":63},"end":{"line":26,"column":78}},"6":{"start":{"line":29,"column":2},"end":{"line":76,"column":null}},"7":{"start":{"line":32,"column":20},"end":{"line":32,"column":null}},"8":{"start":{"line":34,"column":17},"end":{"line":67,"column":null}},"9":{"start":{"line":35,"column":6},"end":{"line":66,"column":null}},"10":{"start":{"line":36,"column":20},"end":{"line":36,"column":null}},"11":{"start":{"line":37,"column":8},"end":{"line":37,"column":null}},"12":{"start":{"line":37,"column":31},"end":{"line":37,"column":null}},"13":{"start":{"line":39,"column":20},"end":{"line":39,"column":null}},"14":{"start":{"line":42,"column":26},"end":{"line":42,"column":null}},"15":{"start":{"line":43,"column":8},"end":{"line":43,"column":null}},"16":{"start":{"line":43,"column":24},"end":{"line":43,"column":null}},"17":{"start":{"line":46,"column":24},"end":{"line":50,"column":null}},"18":{"start":{"line":47,"column":10},"end":{"line":47,"column":null}},"19":{"start":{"line":47,"column":25},"end":{"line":47,"column":null}},"20":{"start":{"line":48,"column":31},"end":{"line":48,"column":null}},"21":{"start":{"line":49,"column":10},"end":{"line":49,"column":null}},"22":{"start":{"line":52,"column":23},"end":{"line":55,"column":null}},"23":{"start":{"line":53,"column":10},"end":{"line":53,"column":null}},"24":{"start":{"line":53,"column":25},"end":{"line":53,"column":null}},"25":{"start":{"line":54,"column":10},"end":{"line":54,"column":null}},"26":{"start":{"line":57,"column":8},"end":{"line":63,"column":null}},"27":{"start":{"line":58,"column":10},"end":{"line":58,"column":null}},"28":{"start":{"line":59,"column":10},"end":{"line":59,"column":null}},"29":{"start":{"line":61,"column":10},"end":{"line":61,"column":null}},"30":{"start":{"line":62,"column":10},"end":{"line":62,"column":null}},"31":{"start":{"line":65,"column":8},"end":{"line":65,"column":null}},"32":{"start":{"line":69,"column":4},"end":{"line":69,"column":null}},"33":{"start":{"line":71,"column":4},"end":{"line":75,"column":null}},"34":{"start":{"line":72,"column":6},"end":{"line":72,"column":null}},"35":{"start":{"line":73,"column":6},"end":{"line":73,"column":null}},"36":{"start":{"line":74,"column":6},"end":{"line":74,"column":null}},"37":{"start":{"line":78,"column":19},"end":{"line":83,"column":null}},"38":{"start":{"line":79,"column":4},"end":{"line":79,"column":null}},"39":{"start":{"line":80,"column":16},"end":{"line":80,"column":null}},"40":{"start":{"line":81,"column":4},"end":{"line":81,"column":null}},"41":{"start":{"line":81,"column":14},"end":{"line":81,"column":null}},"42":{"start":{"line":82,"column":4},"end":{"line":82,"column":null}},"43":{"start":{"line":85,"column":19},"end":{"line":90,"column":null}},"44":{"start":{"line":86,"column":4},"end":{"line":86,"column":null}},"45":{"start":{"line":87,"column":16},"end":{"line":87,"column":null}},"46":{"start":{"line":88,"column":4},"end":{"line":88,"column":null}},"47":{"start":{"line":88,"column":14},"end":{"line":88,"column":null}},"48":{"start":{"line":89,"column":4},"end":{"line":89,"column":null}},"49":{"start":{"line":92,"column":16},"end":{"line":97,"column":null}},"50":{"start":{"line":93,"column":4},"end":{"line":93,"column":null}},"51":{"start":{"line":94,"column":16},"end":{"line":94,"column":null}},"52":{"start":{"line":95,"column":4},"end":{"line":95,"column":null}},"53":{"start":{"line":95,"column":14},"end":{"line":95,"column":null}},"54":{"start":{"line":96,"column":4},"end":{"line":96,"column":null}},"55":{"start":{"line":99,"column":2},"end":{"line":105,"column":null}}},"fnMap":{"0":{"name":"getTauriWindow","decl":{"start":{"line":12,"column":15},"end":{"line":12,"column":71}},"loc":{"start":{"line":12,"column":71},"end":{"line":17,"column":null}},"line":12},"1":{"name":"useTauriWindow","decl":{"start":{"line":25,"column":16},"end":{"line":25,"column":33}},"loc":{"start":{"line":25,"column":33},"end":{"line":106,"column":null}},"line":25},"2":{"name":"(anonymous_2)","decl":{"start":{"line":29,"column":2},"end":{"line":29,"column":18}},"loc":{"start":{"line":29,"column":18},"end":{"line":76,"column":5}},"line":29},"3":{"name":"(anonymous_3)","decl":{"start":{"line":34,"column":17},"end":{"line":34,"column":29}},"loc":{"start":{"line":34,"column":29},"end":{"line":67,"column":null}},"line":34},"4":{"name":"(anonymous_4)","decl":{"start":{"line":46,"column":44},"end":{"line":46,"column":56}},"loc":{"start":{"line":46,"column":56},"end":{"line":50,"column":9}},"line":46},"5":{"name":"(anonymous_5)","decl":{"start":{"line":52,"column":33},"end":{"line":52,"column":49}},"loc":{"start":{"line":52,"column":74},"end":{"line":55,"column":9}},"line":52},"6":{"name":"(anonymous_6)","decl":{"start":{"line":71,"column":4},"end":{"line":71,"column":17}},"loc":{"start":{"line":71,"column":17},"end":{"line":75,"column":null}},"line":71},"7":{"name":"(anonymous_7)","decl":{"start":{"line":78,"column":31},"end":{"line":78,"column":43}},"loc":{"start":{"line":78,"column":43},"end":{"line":83,"column":5}},"line":78},"8":{"name":"(anonymous_8)","decl":{"start":{"line":85,"column":31},"end":{"line":85,"column":43}},"loc":{"start":{"line":85,"column":43},"end":{"line":90,"column":5}},"line":85},"9":{"name":"(anonymous_9)","decl":{"start":{"line":92,"column":28},"end":{"line":92,"column":40}},"loc":{"start":{"line":92,"column":40},"end":{"line":97,"column":5}},"line":92}},"branchMap":{"0":{"loc":{"start":{"line":13,"column":2},"end":{"line":15,"column":null}},"type":"if","locations":[{"start":{"line":13,"column":2},"end":{"line":15,"column":null}},{"start":{},"end":{}}],"line":13},"1":{"loc":{"start":{"line":13,"column":6},"end":{"line":13,"column":30}},"type":"binary-expr","locations":[{"start":{"line":13,"column":6},"end":{"line":13,"column":22}},{"start":{"line":13,"column":22},"end":{"line":13,"column":30}}],"line":13},"2":{"loc":{"start":{"line":37,"column":8},"end":{"line":37,"column":null}},"type":"if","locations":[{"start":{"line":37,"column":8},"end":{"line":37,"column":null}},{"start":{},"end":{}}],"line":37},"3":{"loc":{"start":{"line":37,"column":12},"end":{"line":37,"column":31}},"type":"binary-expr","locations":[{"start":{"line":37,"column":12},"end":{"line":37,"column":20}},{"start":{"line":37,"column":20},"end":{"line":37,"column":31}}],"line":37},"4":{"loc":{"start":{"line":43,"column":8},"end":{"line":43,"column":null}},"type":"if","locations":[{"start":{"line":43,"column":8},"end":{"line":43,"column":null}},{"start":{},"end":{}}],"line":43},"5":{"loc":{"start":{"line":47,"column":10},"end":{"line":47,"column":null}},"type":"if","locations":[{"start":{"line":47,"column":10},"end":{"line":47,"column":null}},{"start":{},"end":{}}],"line":47},"6":{"loc":{"start":{"line":53,"column":10},"end":{"line":53,"column":null}},"type":"if","locations":[{"start":{"line":53,"column":10},"end":{"line":53,"column":null}},{"start":{},"end":{}}],"line":53},"7":{"loc":{"start":{"line":57,"column":8},"end":{"line":63,"column":null}},"type":"if","locations":[{"start":{"line":57,"column":8},"end":{"line":63,"column":null}},{"start":{"line":60,"column":15},"end":{"line":63,"column":null}}],"line":57},"8":{"loc":{"start":{"line":81,"column":4},"end":{"line":81,"column":null}},"type":"if","locations":[{"start":{"line":81,"column":4},"end":{"line":81,"column":null}},{"start":{},"end":{}}],"line":81},"9":{"loc":{"start":{"line":88,"column":4},"end":{"line":88,"column":null}},"type":"if","locations":[{"start":{"line":88,"column":4},"end":{"line":88,"column":null}},{"start":{},"end":{}}],"line":88},"10":{"loc":{"start":{"line":95,"column":4},"end":{"line":95,"column":null}},"type":"if","locations":[{"start":{"line":95,"column":4},"end":{"line":95,"column":null}},{"start":{},"end":{}}],"line":95}},"s":{"0":1,"1":1,"2":10,"3":1,"4":10,"5":6,"6":6,"7":4,"8":4,"9":4,"10":4,"11":4,"12":2,"13":2,"14":2,"15":2,"16":2,"17":2,"18":0,"19":0,"20":0,"21":0,"22":2,"23":0,"24":0,"25":0,"26":2,"27":0,"28":0,"29":2,"30":2,"31":0,"32":4,"33":4,"34":4,"35":4,"36":4,"37":6,"38":2,"39":2,"40":2,"41":1,"42":1,"43":6,"44":2,"45":2,"46":2,"47":1,"48":1,"49":6,"50":2,"51":2,"52":2,"53":1,"54":1,"55":6},"f":{"0":10,"1":6,"2":4,"3":4,"4":0,"5":0,"6":4,"7":2,"8":2,"9":2},"b":{"0":[1,9],"1":[10,6],"2":[2,2],"3":[4,2],"4":[2,0],"5":[0,0],"6":[0,0],"7":[0,2],"8":[1,1],"9":[1,1],"10":[1,1]},"meta":{"lastBranch":11,"lastFunction":10,"lastStatement":56,"seen":{"s:1:0:1:Infinity":0,"s:10:48:10:Infinity":1,"f:12:15:12:71":0,"b:13:2:15:Infinity:undefined:undefined:undefined:undefined":0,"s:13:2:15:Infinity":2,"b:13:6:13:22:13:22:13:30":1,"s:14:4:14:Infinity":3,"s:16:2:16:Infinity":4,"f:25:16:25:33":1,"s:26:63:26:78":5,"s:29:2:76:Infinity":6,"f:29:2:29:18":2,"s:32:20:32:Infinity":7,"s:34:17:67:Infinity":8,"f:34:17:34:29":3,"s:35:6:66:Infinity":9,"s:36:20:36:Infinity":10,"b:37:8:37:Infinity:undefined:undefined:undefined:undefined":2,"s:37:8:37:Infinity":11,"b:37:12:37:20:37:20:37:31":3,"s:37:31:37:Infinity":12,"s:39:20:39:Infinity":13,"s:42:26:42:Infinity":14,"b:43:8:43:Infinity:undefined:undefined:undefined:undefined":4,"s:43:8:43:Infinity":15,"s:43:24:43:Infinity":16,"s:46:24:50:Infinity":17,"f:46:44:46:56":4,"b:47:10:47:Infinity:undefined:undefined:undefined:undefined":5,"s:47:10:47:Infinity":18,"s:47:25:47:Infinity":19,"s:48:31:48:Infinity":20,"s:49:10:49:Infinity":21,"s:52:23:55:Infinity":22,"f:52:33:52:49":5,"b:53:10:53:Infinity:undefined:undefined:undefined:undefined":6,"s:53:10:53:Infinity":23,"s:53:25:53:Infinity":24,"s:54:10:54:Infinity":25,"b:57:8:63:Infinity:60:15:63:Infinity":7,"s:57:8:63:Infinity":26,"s:58:10:58:Infinity":27,"s:59:10:59:Infinity":28,"s:61:10:61:Infinity":29,"s:62:10:62:Infinity":30,"s:65:8:65:Infinity":31,"s:69:4:69:Infinity":32,"s:71:4:75:Infinity":33,"f:71:4:71:17":6,"s:72:6:72:Infinity":34,"s:73:6:73:Infinity":35,"s:74:6:74:Infinity":36,"s:78:19:83:Infinity":37,"f:78:31:78:43":7,"s:79:4:79:Infinity":38,"s:80:16:80:Infinity":39,"b:81:4:81:Infinity:undefined:undefined:undefined:undefined":8,"s:81:4:81:Infinity":40,"s:81:14:81:Infinity":41,"s:82:4:82:Infinity":42,"s:85:19:90:Infinity":43,"f:85:31:85:43":8,"s:86:4:86:Infinity":44,"s:87:16:87:Infinity":45,"b:88:4:88:Infinity:undefined:undefined:undefined:undefined":9,"s:88:4:88:Infinity":46,"s:88:14:88:Infinity":47,"s:89:4:89:Infinity":48,"s:92:16:97:Infinity":49,"f:92:28:92:40":9,"s:93:4:93:Infinity":50,"s:94:16:94:Infinity":51,"b:95:4:95:Infinity:undefined:undefined:undefined:undefined":10,"s:95:4:95:Infinity":52,"s:95:14:95:Infinity":53,"s:96:4:96:Infinity":54,"s:99:2:105:Infinity":55},"fnNames":{}}}
,"C:\\Storage\\Development\\Projects\\Tauri\\GeoSource\\GeoSource.Template\\src\\lib\\config.ts": {"path":"C:\\Storage\\Development\\Projects\\Tauri\\GeoSource\\GeoSource.Template\\src\\lib\\config.ts","statementMap":{"0":{"start":{"line":54,"column":45},"end":{"line":59,"column":null}},"1":{"start":{"line":61,"column":45},"end":{"line":68,"column":null}},"2":{"start":{"line":70,"column":40},"end":{"line":75,"column":null}},"3":{"start":{"line":82,"column":21},"end":{"line":82,"column":null}},"4":{"start":{"line":83,"column":2},"end":{"line":83,"column":null}},"5":{"start":{"line":92,"column":2},"end":{"line":92,"column":null}},"6":{"start":{"line":92,"column":18},"end":{"line":92,"column":null}},"7":{"start":{"line":93,"column":2},"end":{"line":93,"column":null}},"8":{"start":{"line":98,"column":2},"end":{"line":98,"column":null}},"9":{"start":{"line":98,"column":18},"end":{"line":98,"column":null}},"10":{"start":{"line":99,"column":2},"end":{"line":99,"column":null}},"11":{"start":{"line":107,"column":2},"end":{"line":107,"column":null}},"12":{"start":{"line":107,"column":18},"end":{"line":107,"column":null}},"13":{"start":{"line":108,"column":2},"end":{"line":108,"column":null}},"14":{"start":{"line":120,"column":2},"end":{"line":120,"column":null}},"15":{"start":{"line":120,"column":18},"end":{"line":120,"column":null}},"16":{"start":{"line":121,"column":2},"end":{"line":121,"column":null}},"17":{"start":{"line":129,"column":2},"end":{"line":129,"column":null}},"18":{"start":{"line":129,"column":18},"end":{"line":129,"column":null}},"19":{"start":{"line":130,"column":2},"end":{"line":130,"column":null}},"20":{"start":{"line":137,"column":2},"end":{"line":137,"column":null}},"21":{"start":{"line":137,"column":18},"end":{"line":137,"column":null}},"22":{"start":{"line":138,"column":2},"end":{"line":138,"column":null}}},"fnMap":{"0":{"name":"invokeConfig","decl":{"start":{"line":81,"column":15},"end":{"line":81,"column":31}},"loc":{"start":{"line":81,"column":92},"end":{"line":84,"column":null}},"line":81},"1":{"name":"getSettings","decl":{"start":{"line":91,"column":22},"end":{"line":91,"column":58}},"loc":{"start":{"line":91,"column":58},"end":{"line":94,"column":null}},"line":91},"2":{"name":"getBindings","decl":{"start":{"line":97,"column":22},"end":{"line":97,"column":58}},"loc":{"start":{"line":97,"column":58},"end":{"line":100,"column":null}},"line":97},"3":{"name":"getAppInfo","decl":{"start":{"line":106,"column":22},"end":{"line":106,"column":53}},"loc":{"start":{"line":106,"column":53},"end":{"line":109,"column":null}},"line":106},"4":{"name":"setSettings","decl":{"start":{"line":119,"column":22},"end":{"line":119,"column":34}},"loc":{"start":{"line":119,"column":72},"end":{"line":122,"column":null}},"line":119},"5":{"name":"setBindings","decl":{"start":{"line":128,"column":22},"end":{"line":128,"column":34}},"loc":{"start":{"line":128,"column":72},"end":{"line":131,"column":null}},"line":128},"6":{"name":"openConfigDir","decl":{"start":{"line":136,"column":22},"end":{"line":136,"column":53}},"loc":{"start":{"line":136,"column":53},"end":{"line":139,"column":null}},"line":136}},"branchMap":{"0":{"loc":{"start":{"line":92,"column":2},"end":{"line":92,"column":null}},"type":"if","locations":[{"start":{"line":92,"column":2},"end":{"line":92,"column":null}},{"start":{},"end":{}}],"line":92},"1":{"loc":{"start":{"line":98,"column":2},"end":{"line":98,"column":null}},"type":"if","locations":[{"start":{"line":98,"column":2},"end":{"line":98,"column":null}},{"start":{},"end":{}}],"line":98},"2":{"loc":{"start":{"line":107,"column":2},"end":{"line":107,"column":null}},"type":"if","locations":[{"start":{"line":107,"column":2},"end":{"line":107,"column":null}},{"start":{},"end":{}}],"line":107},"3":{"loc":{"start":{"line":120,"column":2},"end":{"line":120,"column":null}},"type":"if","locations":[{"start":{"line":120,"column":2},"end":{"line":120,"column":null}},{"start":{},"end":{}}],"line":120},"4":{"loc":{"start":{"line":129,"column":2},"end":{"line":129,"column":null}},"type":"if","locations":[{"start":{"line":129,"column":2},"end":{"line":129,"column":null}},{"start":{},"end":{}}],"line":129},"5":{"loc":{"start":{"line":137,"column":2},"end":{"line":137,"column":null}},"type":"if","locations":[{"start":{"line":137,"column":2},"end":{"line":137,"column":null}},{"start":{},"end":{}}],"line":137}},"s":{"0":5,"1":5,"2":5,"3":5,"4":5,"5":4,"6":3,"7":1,"8":4,"9":3,"10":1,"11":4,"12":3,"13":1,"14":2,"15":1,"16":1,"17":2,"18":1,"19":1,"20":1,"21":1,"22":0},"f":{"0":5,"1":4,"2":4,"3":4,"4":2,"5":2,"6":1},"b":{"0":[3,1],"1":[3,1],"2":[3,1],"3":[1,1],"4":[1,1],"5":[1,0]},"meta":{"lastBranch":6,"lastFunction":7,"lastStatement":23,"seen":{"s:54:45:59:Infinity":0,"s:61:45:68:Infinity":1,"s:70:40:75:Infinity":2,"f:81:15:81:31":0,"s:82:21:82:Infinity":3,"s:83:2:83:Infinity":4,"f:91:22:91:58":1,"b:92:2:92:Infinity:undefined:undefined:undefined:undefined":0,"s:92:2:92:Infinity":5,"s:92:18:92:Infinity":6,"s:93:2:93:Infinity":7,"f:97:22:97:58":2,"b:98:2:98:Infinity:undefined:undefined:undefined:undefined":1,"s:98:2:98:Infinity":8,"s:98:18:98:Infinity":9,"s:99:2:99:Infinity":10,"f:106:22:106:53":3,"b:107:2:107:Infinity:undefined:undefined:undefined:undefined":2,"s:107:2:107:Infinity":11,"s:107:18:107:Infinity":12,"s:108:2:108:Infinity":13,"f:119:22:119:34":4,"b:120:2:120:Infinity:undefined:undefined:undefined:undefined":3,"s:120:2:120:Infinity":14,"s:120:18:120:Infinity":15,"s:121:2:121:Infinity":16,"f:128:22:128:34":5,"b:129:2:129:Infinity:undefined:undefined:undefined:undefined":4,"s:129:2:129:Infinity":17,"s:129:18:129:Infinity":18,"s:130:2:130:Infinity":19,"f:136:22:136:53":6,"b:137:2:137:Infinity:undefined:undefined:undefined:undefined":5,"s:137:2:137:Infinity":20,"s:137:18:137:Infinity":21,"s:138:2:138:Infinity":22},"fnNames":{}}}
,"C:\\Storage\\Development\\Projects\\Tauri\\GeoSource\\GeoSource.Template\\src\\lib\\logger.ts": {"path":"C:\\Storage\\Development\\Projects\\Tauri\\GeoSource\\GeoSource.Template\\src\\lib\\logger.ts","statementMap":{"0":{"start":{"line":14,"column":20},"end":{"line":14,"column":null}},"1":{"start":{"line":15,"column":21},"end":{"line":15,"column":null}},"2":{"start":{"line":17,"column":2},"end":{"line":32,"column":null}},"3":{"start":{"line":19,"column":6},"end":{"line":19,"column":null}},"4":{"start":{"line":20,"column":6},"end":{"line":20,"column":null}},"5":{"start":{"line":22,"column":6},"end":{"line":22,"column":null}},"6":{"start":{"line":23,"column":6},"end":{"line":23,"column":null}},"7":{"start":{"line":26,"column":6},"end":{"line":26,"column":null}},"8":{"start":{"line":27,"column":6},"end":{"line":27,"column":null}},"9":{"start":{"line":30,"column":6},"end":{"line":30,"column":null}},"10":{"start":{"line":31,"column":6},"end":{"line":31,"column":null}},"11":{"start":{"line":34,"column":2},"end":{"line":47,"column":null}},"12":{"start":{"line":35,"column":4},"end":{"line":46,"column":null}},"13":{"start":{"line":36,"column":19},"end":{"line":36,"column":null}},"14":{"start":{"line":37,"column":6},"end":{"line":43,"column":null}},"15":{"start":{"line":38,"column":8},"end":{"line":42,"column":null}},"16":{"start":{"line":50,"column":13},"end":{"line":50,"column":null}},"17":{"start":{"line":50,"column":62},"end":{"line":50,"column":null}},"18":{"start":{"line":51,"column":13},"end":{"line":51,"column":null}},"19":{"start":{"line":51,"column":62},"end":{"line":51,"column":null}},"20":{"start":{"line":52,"column":13},"end":{"line":52,"column":null}},"21":{"start":{"line":52,"column":63},"end":{"line":52,"column":null}},"22":{"start":{"line":53,"column":13},"end":{"line":53,"column":null}},"23":{"start":{"line":53,"column":63},"end":{"line":53,"column":null}}},"fnMap":{"0":{"name":"logEvent","decl":{"start":{"line":9,"column":22},"end":{"line":9,"column":null}},"loc":{"start":{"line":13,"column":17},"end":{"line":48,"column":null}},"line":13},"1":{"name":"(anonymous_1)","decl":{"start":{"line":50,"column":13},"end":{"line":50,"column":24}},"loc":{"start":{"line":50,"column":62},"end":{"line":50,"column":null}},"line":50},"2":{"name":"(anonymous_2)","decl":{"start":{"line":51,"column":13},"end":{"line":51,"column":24}},"loc":{"start":{"line":51,"column":62},"end":{"line":51,"column":null}},"line":51},"3":{"name":"(anonymous_3)","decl":{"start":{"line":52,"column":13},"end":{"line":52,"column":25}},"loc":{"start":{"line":52,"column":63},"end":{"line":52,"column":null}},"line":52},"4":{"name":"(anonymous_4)","decl":{"start":{"line":53,"column":13},"end":{"line":53,"column":25}},"loc":{"start":{"line":53,"column":63},"end":{"line":53,"column":null}},"line":53}},"branchMap":{"0":{"loc":{"start":{"line":17,"column":2},"end":{"line":32,"column":null}},"type":"switch","locations":[{"start":{"line":18,"column":4},"end":{"line":20,"column":null}},{"start":{"line":21,"column":4},"end":{"line":23,"column":null}},{"start":{"line":24,"column":4},"end":{"line":27,"column":null}},{"start":{"line":28,"column":4},"end":{"line":31,"column":null}}],"line":17},"1":{"loc":{"start":{"line":19,"column":32},"end":{"line":19,"column":45}},"type":"binary-expr","locations":[{"start":{"line":19,"column":32},"end":{"line":19,"column":43}},{"start":{"line":19,"column":43},"end":{"line":19,"column":45}}],"line":19},"2":{"loc":{"start":{"line":22,"column":31},"end":{"line":22,"column":44}},"type":"binary-expr","locations":[{"start":{"line":22,"column":31},"end":{"line":22,"column":42}},{"start":{"line":22,"column":42},"end":{"line":22,"column":44}}],"line":22},"3":{"loc":{"start":{"line":26,"column":32},"end":{"line":26,"column":45}},"type":"binary-expr","locations":[{"start":{"line":26,"column":32},"end":{"line":26,"column":43}},{"start":{"line":26,"column":43},"end":{"line":26,"column":45}}],"line":26},"4":{"loc":{"start":{"line":30,"column":30},"end":{"line":30,"column":43}},"type":"binary-expr","locations":[{"start":{"line":30,"column":30},"end":{"line":30,"column":41}},{"start":{"line":30,"column":41},"end":{"line":30,"column":43}}],"line":30},"5":{"loc":{"start":{"line":34,"column":2},"end":{"line":47,"column":null}},"type":"if","locations":[{"start":{"line":34,"column":2},"end":{"line":47,"column":null}},{"start":{},"end":{}}],"line":34},"6":{"loc":{"start":{"line":37,"column":6},"end":{"line":43,"column":null}},"type":"if","locations":[{"start":{"line":37,"column":6},"end":{"line":43,"column":null}},{"start":{},"end":{}}],"line":37},"7":{"loc":{"start":{"line":37,"column":10},"end":{"line":37,"column":53}},"type":"binary-expr","locations":[{"start":{"line":37,"column":10},"end":{"line":37,"column":18}},{"start":{"line":37,"column":18},"end":{"line":37,"column":53}}],"line":37},"8":{"loc":{"start":{"line":41,"column":19},"end":{"line":41,"column":null}},"type":"binary-expr","locations":[{"start":{"line":41,"column":19},"end":{"line":41,"column":30}},{"start":{"line":41,"column":30},"end":{"line":41,"column":null}}],"line":41}},"s":{"0":26,"1":26,"2":26,"3":5,"4":5,"5":2,"6":2,"7":8,"8":8,"9":11,"10":11,"11":26,"12":3,"13":3,"14":3,"15":3,"16":6,"17":10,"18":6,"19":2,"20":6,"21":5,"22":6,"23":8},"f":{"0":26,"1":10,"2":2,"3":5,"4":8},"b":{"0":[5,2,8,11],"1":[5,1],"2":[2,1],"3":[8,8],"4":[11,10],"5":[3,23],"6":[3,0],"7":[3,3],"8":[3,3]},"meta":{"lastBranch":9,"lastFunction":5,"lastStatement":24,"seen":{"f:9:22:9:Infinity":0,"s:14:20:14:Infinity":0,"s:15:21:15:Infinity":1,"b:18:4:20:Infinity:21:4:23:Infinity:24:4:27:Infinity:28:4:31:Infinity":0,"s:17:2:32:Infinity":2,"s:19:6:19:Infinity":3,"b:19:32:19:43:19:43:19:45":1,"s:20:6:20:Infinity":4,"s:22:6:22:Infinity":5,"b:22:31:22:42:22:42:22:44":2,"s:23:6:23:Infinity":6,"s:26:6:26:Infinity":7,"b:26:32:26:43:26:43:26:45":3,"s:27:6:27:Infinity":8,"s:30:6:30:Infinity":9,"b:30:30:30:41:30:41:30:43":4,"s:31:6:31:Infinity":10,"b:34:2:47:Infinity:undefined:undefined:undefined:undefined":5,"s:34:2:47:Infinity":11,"s:35:4:46:Infinity":12,"s:36:19:36:Infinity":13,"b:37:6:43:Infinity:undefined:undefined:undefined:undefined":6,"s:37:6:43:Infinity":14,"b:37:10:37:18:37:18:37:53":7,"s:38:8:42:Infinity":15,"b:41:19:41:30:41:30:41:Infinity":8,"s:50:13:50:Infinity":16,"f:50:13:50:24":1,"s:50:62:50:Infinity":17,"s:51:13:51:Infinity":18,"f:51:13:51:24":2,"s:51:62:51:Infinity":19,"s:52:13:52:Infinity":20,"f:52:13:52:25":3,"s:52:63:52:Infinity":21,"s:53:13:53:Infinity":22,"f:53:13:53:25":4,"s:53:63:53:Infinity":23},"fnNames":{}}}
,"C:\\Storage\\Development\\Projects\\Tauri\\GeoSource\\GeoSource.Template\\src\\lib\\utils.ts": {"path":"C:\\Storage\\Development\\Projects\\Tauri\\GeoSource\\GeoSource.Template\\src\\lib\\utils.ts","statementMap":{"0":{"start":{"line":10,"column":2},"end":{"line":10,"column":null}},"1":{"start":{"line":17,"column":2},"end":{"line":17,"column":null}},"2":{"start":{"line":24,"column":2},"end":{"line":24,"column":null}},"3":{"start":{"line":24,"column":37},"end":{"line":24,"column":null}},"4":{"start":{"line":25,"column":14},"end":{"line":25,"column":null}},"5":{"start":{"line":26,"column":2},"end":{"line":26,"column":null}}},"fnMap":{"0":{"name":"cn","decl":{"start":{"line":9,"column":16},"end":{"line":9,"column":19}},"loc":{"start":{"line":9,"column":80},"end":{"line":11,"column":null}},"line":9},"1":{"name":"formatVersion","decl":{"start":{"line":16,"column":16},"end":{"line":16,"column":30}},"loc":{"start":{"line":16,"column":55},"end":{"line":18,"column":null}},"line":16},"2":{"name":"isTauri","decl":{"start":{"line":23,"column":16},"end":{"line":23,"column":35}},"loc":{"start":{"line":23,"column":35},"end":{"line":27,"column":null}},"line":23}},"branchMap":{"0":{"loc":{"start":{"line":17,"column":9},"end":{"line":17,"column":null}},"type":"cond-expr","locations":[{"start":{"line":17,"column":35},"end":{"line":17,"column":45}},{"start":{"line":17,"column":45},"end":{"line":17,"column":null}}],"line":17},"1":{"loc":{"start":{"line":24,"column":2},"end":{"line":24,"column":null}},"type":"if","locations":[{"start":{"line":24,"column":2},"end":{"line":24,"column":null}},{"start":{},"end":{}}],"line":24},"2":{"loc":{"start":{"line":26,"column":17},"end":{"line":26,"column":57}},"type":"binary-expr","locations":[{"start":{"line":26,"column":17},"end":{"line":26,"column":44}},{"start":{"line":26,"column":44},"end":{"line":26,"column":57}}],"line":26}},"s":{"0":3,"1":4,"2":52,"3":0,"4":52,"5":52},"f":{"0":3,"1":4,"2":52},"b":{"0":[2,2],"1":[0,52],"2":[52,51]},"meta":{"lastBranch":3,"lastFunction":3,"lastStatement":6,"seen":{"f:9:16:9:19":0,"s:10:2:10:Infinity":0,"f:16:16:16:30":1,"s:17:2:17:Infinity":1,"b:17:35:17:45:17:45:17:Infinity":0,"f:23:16:23:35":2,"b:24:2:24:Infinity:undefined:undefined:undefined:undefined":1,"s:24:2:24:Infinity":2,"s:24:37:24:Infinity":3,"s:25:14:25:Infinity":4,"s:26:2:26:Infinity":5,"b:26:17:26:44:26:44:26:57":2},"fnNames":{}}}
,"C:\\Storage\\Development\\Projects\\Tauri\\GeoSource\\GeoSource.Template\\src\\lib\\store\\configStore.ts": {"path":"C:\\Storage\\Development\\Projects\\Tauri\\GeoSource\\GeoSource.Template\\src\\lib\\store\\configStore.ts","statementMap":{"0":{"start":{"line":51,"column":30},"end":{"line":107,"column":null}},"1":{"start":{"line":51,"column":81},"end":{"line":107,"column":2}},"2":{"start":{"line":62,"column":4},"end":{"line":62,"column":null}},"3":{"start":{"line":63,"column":4},"end":{"line":73,"column":null}},"4":{"start":{"line":64,"column":44},"end":{"line":68,"column":null}},"5":{"start":{"line":69,"column":6},"end":{"line":69,"column":null}},"6":{"start":{"line":71,"column":18},"end":{"line":71,"column":null}},"7":{"start":{"line":72,"column":6},"end":{"line":72,"column":null}},"8":{"start":{"line":77,"column":32},"end":{"line":77,"column":null}},"9":{"start":{"line":78,"column":4},"end":{"line":78,"column":null}},"10":{"start":{"line":79,"column":4},"end":{"line":84,"column":null}},"11":{"start":{"line":80,"column":6},"end":{"line":80,"column":null}},"12":{"start":{"line":82,"column":18},"end":{"line":82,"column":null}},"13":{"start":{"line":83,"column":6},"end":{"line":83,"column":null}},"14":{"start":{"line":88,"column":47},"end":{"line":88,"column":null}},"15":{"start":{"line":89,"column":4},"end":{"line":95,"column":null}},"16":{"start":{"line":90,"column":6},"end":{"line":94,"column":null}},"17":{"start":{"line":91,"column":8},"end":{"line":93,"column":null}},"18":{"start":{"line":92,"column":10},"end":{"line":92,"column":null}},"19":{"start":{"line":96,"column":32},"end":{"line":96,"column":null}},"20":{"start":{"line":97,"column":4},"end":{"line":97,"column":null}},"21":{"start":{"line":98,"column":4},"end":{"line":103,"column":null}},"22":{"start":{"line":99,"column":6},"end":{"line":99,"column":null}},"23":{"start":{"line":101,"column":18},"end":{"line":101,"column":null}},"24":{"start":{"line":102,"column":6},"end":{"line":102,"column":null}},"25":{"start":{"line":106,"column":20},"end":{"line":106,"column":null}}},"fnMap":{"0":{"name":"(anonymous_0)","decl":{"start":{"line":51,"column":30},"end":{"line":51,"column":67}},"loc":{"start":{"line":51,"column":81},"end":{"line":107,"column":2}},"line":51},"1":{"name":"(anonymous_1)","decl":{"start":{"line":61,"column":11},"end":{"line":61,"column":23}},"loc":{"start":{"line":61,"column":23},"end":{"line":74,"column":null}},"line":61},"2":{"name":"(anonymous_2)","decl":{"start":{"line":76,"column":18},"end":{"line":76,"column":25}},"loc":{"start":{"line":76,"column":35},"end":{"line":85,"column":null}},"line":76},"3":{"name":"(anonymous_3)","decl":{"start":{"line":87,"column":18},"end":{"line":87,"column":25}},"loc":{"start":{"line":87,"column":35},"end":{"line":104,"column":null}},"line":87},"4":{"name":"(anonymous_4)","decl":{"start":{"line":106,"column":2},"end":{"line":106,"column":20}},"loc":{"start":{"line":106,"column":20},"end":{"line":106,"column":null}},"line":106}},"branchMap":{"0":{"loc":{"start":{"line":71,"column":18},"end":{"line":71,"column":null}},"type":"cond-expr","locations":[{"start":{"line":71,"column":41},"end":{"line":71,"column":55}},{"start":{"line":71,"column":55},"end":{"line":71,"column":null}}],"line":71},"1":{"loc":{"start":{"line":82,"column":18},"end":{"line":82,"column":null}},"type":"cond-expr","locations":[{"start":{"line":82,"column":41},"end":{"line":82,"column":55}},{"start":{"line":82,"column":55},"end":{"line":82,"column":null}}],"line":82},"2":{"loc":{"start":{"line":89,"column":4},"end":{"line":95,"column":null}},"type":"if","locations":[{"start":{"line":89,"column":4},"end":{"line":95,"column":null}},{"start":{},"end":{}}],"line":89},"3":{"loc":{"start":{"line":91,"column":8},"end":{"line":93,"column":null}},"type":"if","locations":[{"start":{"line":91,"column":8},"end":{"line":93,"column":null}},{"start":{},"end":{}}],"line":91},"4":{"loc":{"start":{"line":101,"column":18},"end":{"line":101,"column":null}},"type":"cond-expr","locations":[{"start":{"line":101,"column":41},"end":{"line":101,"column":55}},{"start":{"line":101,"column":55},"end":{"line":101,"column":null}}],"line":101}},"s":{"0":3,"1":3,"2":3,"3":3,"4":3,"5":2,"6":1,"7":1,"8":2,"9":2,"10":2,"11":2,"12":1,"13":1,"14":2,"15":2,"16":2,"17":2,"18":2,"19":2,"20":2,"21":2,"22":2,"23":1,"24":1,"25":1},"f":{"0":3,"1":3,"2":2,"3":2,"4":1},"b":{"0":[1,0],"1":[1,0],"2":[2,0],"3":[2,0],"4":[1,0]},"meta":{"lastBranch":5,"lastFunction":5,"lastStatement":26,"seen":{"s:51:30:107:Infinity":0,"f:51:30:51:67":0,"s:51:81:107:2":1,"f:61:11:61:23":1,"s:62:4:62:Infinity":2,"s:63:4:73:Infinity":3,"s:64:44:68:Infinity":4,"s:69:6:69:Infinity":5,"s:71:18:71:Infinity":6,"b:71:41:71:55:71:55:71:Infinity":0,"s:72:6:72:Infinity":7,"f:76:18:76:25":2,"s:77:32:77:Infinity":8,"s:78:4:78:Infinity":9,"s:79:4:84:Infinity":10,"s:80:6:80:Infinity":11,"s:82:18:82:Infinity":12,"b:82:41:82:55:82:55:82:Infinity":1,"s:83:6:83:Infinity":13,"f:87:18:87:25":3,"s:88:47:88:Infinity":14,"b:89:4:95:Infinity:undefined:undefined:undefined:undefined":2,"s:89:4:95:Infinity":15,"s:90:6:94:Infinity":16,"b:91:8:93:Infinity:undefined:undefined:undefined:undefined":3,"s:91:8:93:Infinity":17,"s:92:10:92:Infinity":18,"s:96:32:96:Infinity":19,"s:97:4:97:Infinity":20,"s:98:4:103:Infinity":21,"s:99:6:99:Infinity":22,"s:101:18:101:Infinity":23,"b:101:41:101:55:101:55:101:Infinity":4,"s:102:6:102:Infinity":24,"f:106:2:106:20":4,"s:106:20:106:Infinity":25},"fnNames":{}}}
,"C:\\Storage\\Development\\Projects\\Tauri\\GeoSource\\GeoSource.Template\\src\\lib\\store\\windowStore.ts": {"path":"C:\\Storage\\Development\\Projects\\Tauri\\GeoSource\\GeoSource.Template\\src\\lib\\store\\windowStore.ts","statementMap":{"0":{"start":{"line":18,"column":30},"end":{"line":23,"column":null}},"1":{"start":{"line":18,"column":60},"end":{"line":23,"column":2}},"2":{"start":{"line":21,"column":31},"end":{"line":21,"column":null}},"3":{"start":{"line":22,"column":27},"end":{"line":22,"column":null}}},"fnMap":{"0":{"name":"(anonymous_0)","decl":{"start":{"line":18,"column":30},"end":{"line":18,"column":51}},"loc":{"start":{"line":18,"column":60},"end":{"line":23,"column":2}},"line":18},"1":{"name":"(anonymous_1)","decl":{"start":{"line":21,"column":2},"end":{"line":21,"column":17}},"loc":{"start":{"line":21,"column":31},"end":{"line":21,"column":null}},"line":21},"2":{"name":"(anonymous_2)","decl":{"start":{"line":22,"column":2},"end":{"line":22,"column":15}},"loc":{"start":{"line":22,"column":27},"end":{"line":22,"column":null}},"line":22}},"branchMap":{},"s":{"0":2,"1":2,"2":4,"3":2},"f":{"0":2,"1":4,"2":2},"b":{},"meta":{"lastBranch":0,"lastFunction":3,"lastStatement":4,"seen":{"s:18:30:23:Infinity":0,"f:18:30:18:51":0,"s:18:60:23:2":1,"f:21:2:21:17":1,"s:21:31:21:Infinity":2,"f:22:2:22:15":2,"s:22:27:22:Infinity":3},"fnNames":{}}}
,"C:\\Storage\\Development\\Projects\\Tauri\\GeoSource\\GeoSource.Template\\src\\providers\\AppProviders.tsx": {"path":"C:\\Storage\\Development\\Projects\\Tauri\\GeoSource\\GeoSource.Template\\src\\providers\\AppProviders.tsx","statementMap":{"0":{"start":{"line":1,"column":0},"end":{"line":1,"column":null}},"1":{"start":{"line":16,"column":6},"end":{"line":22,"column":null}},"2":{"start":{"line":17,"column":2},"end":{"line":20,"column":null}}},"fnMap":{"0":{"name":"(anonymous_0)","decl":{"start":{"line":16,"column":6},"end":{"line":16,"column":45}},"loc":{"start":{"line":16,"column":62},"end":{"line":22,"column":null}},"line":16}},"branchMap":{},"s":{"0":1,"1":1,"2":1},"f":{"0":1},"b":{},"meta":{"lastBranch":0,"lastFunction":1,"lastStatement":3,"seen":{"s:1:0:1:Infinity":0,"s:16:6:22:Infinity":1,"f:16:6:16:45":0,"s:17:2:20:Infinity":2},"fnNames":{}}}
,"C:\\Storage\\Development\\Projects\\Tauri\\GeoSource\\GeoSource.Template\\src\\providers\\LoggerProvider.tsx": {"path":"C:\\Storage\\Development\\Projects\\Tauri\\GeoSource\\GeoSource.Template\\src\\providers\\LoggerProvider.tsx","statementMap":{"0":{"start":{"line":1,"column":0},"end":{"line":1,"column":null}},"1":{"start":{"line":13,"column":22},"end":{"line":18,"column":null}},"2":{"start":{"line":24,"column":13},"end":{"line":56,"column":null}},"3":{"start":{"line":25,"column":2},"end":{"line":49,"column":null}},"4":{"start":{"line":26,"column":4},"end":{"line":26,"column":null}},"5":{"start":{"line":28,"column":10},"end":{"line":33,"column":null}},"6":{"start":{"line":29,"column":6},"end":{"line":32,"column":null}},"7":{"start":{"line":35,"column":10},"end":{"line":40,"column":null}},"8":{"start":{"line":36,"column":21},"end":{"line":36,"column":null}},"9":{"start":{"line":37,"column":22},"end":{"line":37,"column":null}},"10":{"start":{"line":38,"column":20},"end":{"line":38,"column":null}},"11":{"start":{"line":39,"column":6},"end":{"line":39,"column":null}},"12":{"start":{"line":42,"column":4},"end":{"line":42,"column":null}},"13":{"start":{"line":43,"column":4},"end":{"line":43,"column":null}},"14":{"start":{"line":45,"column":4},"end":{"line":48,"column":null}},"15":{"start":{"line":46,"column":6},"end":{"line":46,"column":null}},"16":{"start":{"line":47,"column":6},"end":{"line":47,"column":null}},"17":{"start":{"line":51,"column":2},"end":{"line":54,"column":null}},"18":{"start":{"line":58,"column":13},"end":{"line":58,"column":null}},"19":{"start":{"line":58,"column":51},"end":{"line":58,"column":null}}},"fnMap":{"0":{"name":"(anonymous_0)","decl":{"start":{"line":24,"column":13},"end":{"line":24,"column":56}},"loc":{"start":{"line":24,"column":73},"end":{"line":56,"column":null}},"line":24},"1":{"name":"(anonymous_1)","decl":{"start":{"line":25,"column":2},"end":{"line":25,"column":18}},"loc":{"start":{"line":25,"column":18},"end":{"line":49,"column":5}},"line":25},"2":{"name":"(anonymous_2)","decl":{"start":{"line":28,"column":10},"end":{"line":28,"column":31}},"loc":{"start":{"line":28,"column":53},"end":{"line":33,"column":null}},"line":28},"3":{"name":"(anonymous_3)","decl":{"start":{"line":35,"column":10},"end":{"line":35,"column":38}},"loc":{"start":{"line":35,"column":71},"end":{"line":40,"column":null}},"line":35},"4":{"name":"(anonymous_4)","decl":{"start":{"line":45,"column":4},"end":{"line":45,"column":17}},"loc":{"start":{"line":45,"column":17},"end":{"line":48,"column":null}},"line":45},"5":{"name":"(anonymous_5)","decl":{"start":{"line":58,"column":13},"end":{"line":58,"column":51}},"loc":{"start":{"line":58,"column":51},"end":{"line":58,"column":null}},"line":58}},"branchMap":{"0":{"loc":{"start":{"line":31,"column":59},"end":{"line":31,"column":null}},"type":"cond-expr","locations":[{"start":{"line":31,"column":80},"end":{"line":31,"column":107}},{"start":{"line":31,"column":107},"end":{"line":31,"column":null}}],"line":31},"1":{"loc":{"start":{"line":37,"column":22},"end":{"line":37,"column":null}},"type":"cond-expr","locations":[{"start":{"line":37,"column":48},"end":{"line":37,"column":65}},{"start":{"line":37,"column":65},"end":{"line":37,"column":null}}],"line":37},"2":{"loc":{"start":{"line":38,"column":20},"end":{"line":38,"column":null}},"type":"cond-expr","locations":[{"start":{"line":38,"column":46},"end":{"line":38,"column":61}},{"start":{"line":38,"column":61},"end":{"line":38,"column":null}}],"line":38}},"s":{"0":3,"1":3,"2":3,"3":7,"4":7,"5":7,"6":1,"7":7,"8":2,"9":2,"10":2,"11":2,"12":7,"13":7,"14":7,"15":7,"16":7,"17":7,"18":3,"19":2},"f":{"0":7,"1":7,"2":1,"3":2,"4":7,"5":2},"b":{"0":[1,0],"1":[1,1],"2":[1,1]},"meta":{"lastBranch":3,"lastFunction":6,"lastStatement":20,"seen":{"s:1:0:1:Infinity":0,"s:13:22:18:Infinity":1,"s:24:13:56:Infinity":2,"f:24:13:24:56":0,"s:25:2:49:Infinity":3,"f:25:2:25:18":1,"s:26:4:26:Infinity":4,"s:28:10:33:Infinity":5,"f:28:10:28:31":2,"s:29:6:32:Infinity":6,"b:31:80:31:107:31:107:31:Infinity":0,"s:35:10:40:Infinity":7,"f:35:10:35:38":3,"s:36:21:36:Infinity":8,"s:37:22:37:Infinity":9,"b:37:48:37:65:37:65:37:Infinity":1,"s:38:20:38:Infinity":10,"b:38:46:38:61:38:61:38:Infinity":2,"s:39:6:39:Infinity":11,"s:42:4:42:Infinity":12,"s:43:4:43:Infinity":13,"s:45:4:48:Infinity":14,"f:45:4:45:17":4,"s:46:6:46:Infinity":15,"s:47:6:47:Infinity":16,"s:51:2:54:Infinity":17,"s:58:13:58:Infinity":18,"f:58:13:58:51":5,"s:58:51:58:Infinity":19},"fnNames":{}}}
,"C:\\Storage\\Development\\Projects\\Tauri\\GeoSource\\GeoSource.Template\\src\\providers\\ThemeProvider.tsx": {"path":"C:\\Storage\\Development\\Projects\\Tauri\\GeoSource\\GeoSource.Template\\src\\providers\\ThemeProvider.tsx","statementMap":{"0":{"start":{"line":1,"column":0},"end":{"line":1,"column":null}},"1":{"start":{"line":12,"column":8},"end":{"line":12,"column":null}},"2":{"start":{"line":14,"column":2},"end":{"line":39,"column":null}},"3":{"start":{"line":19,"column":6},"end":{"line":19,"column":null}},"4":{"start":{"line":25,"column":6},"end":{"line":25,"column":null}},"5":{"start":{"line":28,"column":6},"end":{"line":28,"column":null}},"6":{"start":{"line":32,"column":6},"end":{"line":32,"column":null}},"7":{"start":{"line":35,"column":6},"end":{"line":35,"column":null}},"8":{"start":{"line":38,"column":6},"end":{"line":38,"column":null}},"9":{"start":{"line":46,"column":2},"end":{"line":48,"column":null}},"10":{"start":{"line":47,"column":4},"end":{"line":47,"column":null}},"11":{"start":{"line":49,"column":2},"end":{"line":49,"column":null}},"12":{"start":{"line":60,"column":13},"end":{"line":111,"column":null}},"13":{"start":{"line":61,"column":23},"end":{"line":61,"column":null}},"14":{"start":{"line":61,"column":49},"end":{"line":61,"column":69}},"15":{"start":{"line":62,"column":18},"end":{"line":62,"column":null}},"16":{"start":{"line":62,"column":44},"end":{"line":62,"column":57}},"17":{"start":{"line":65,"column":2},"end":{"line":67,"column":null}},"18":{"start":{"line":66,"column":4},"end":{"line":66,"column":null}},"19":{"start":{"line":70,"column":2},"end":{"line":108,"column":null}},"20":{"start":{"line":71,"column":21},"end":{"line":71,"column":null}},"21":{"start":{"line":72,"column":22},"end":{"line":72,"column":null}},"22":{"start":{"line":74,"column":4},"end":{"line":76,"column":null}},"23":{"start":{"line":75,"column":6},"end":{"line":75,"column":null}},"24":{"start":{"line":78,"column":17},"end":{"line":78,"column":null}},"25":{"start":{"line":79,"column":4},"end":{"line":79,"column":null}},"26":{"start":{"line":82,"column":4},"end":{"line":88,"column":null}},"27":{"start":{"line":83,"column":6},"end":{"line":83,"column":null}},"28":{"start":{"line":84,"column":6},"end":{"line":84,"column":null}},"29":{"start":{"line":86,"column":6},"end":{"line":86,"column":null}},"30":{"start":{"line":87,"column":6},"end":{"line":87,"column":null}},"31":{"start":{"line":91,"column":4},"end":{"line":107,"column":null}},"32":{"start":{"line":92,"column":25},"end":{"line":92,"column":null}},"33":{"start":{"line":93,"column":12},"end":{"line":103,"column":null}},"34":{"start":{"line":94,"column":28},"end":{"line":94,"column":null}},"35":{"start":{"line":95,"column":8},"end":{"line":95,"column":null}},"36":{"start":{"line":96,"column":8},"end":{"line":102,"column":null}},"37":{"start":{"line":97,"column":10},"end":{"line":97,"column":null}},"38":{"start":{"line":98,"column":10},"end":{"line":98,"column":null}},"39":{"start":{"line":100,"column":10},"end":{"line":100,"column":null}},"40":{"start":{"line":101,"column":10},"end":{"line":101,"column":null}},"41":{"start":{"line":105,"column":6},"end":{"line":105,"column":null}},"42":{"start":{"line":106,"column":6},"end":{"line":106,"column":null}},"43":{"start":{"line":106,"column":19},"end":{"line":106,"column":null}},"44":{"start":{"line":110,"column":2},"end":{"line":110,"column":null}}},"fnMap":{"0":{"name":"normalizeTheme","decl":{"start":{"line":11,"column":16},"end":{"line":11,"column":31}},"loc":{"start":{"line":11,"column":77},"end":{"line":40,"column":null}},"line":11},"1":{"name":"resolveSystemTheme","decl":{"start":{"line":45,"column":9},"end":{"line":45,"column":45}},"loc":{"start":{"line":45,"column":45},"end":{"line":50,"column":null}},"line":45},"2":{"name":"(anonymous_2)","decl":{"start":{"line":60,"column":13},"end":{"line":60,"column":54}},"loc":{"start":{"line":60,"column":71},"end":{"line":111,"column":null}},"line":60},"3":{"name":"(anonymous_3)","decl":{"start":{"line":61,"column":23},"end":{"line":61,"column":39}},"loc":{"start":{"line":61,"column":49},"end":{"line":61,"column":69}},"line":61},"4":{"name":"(anonymous_4)","decl":{"start":{"line":62,"column":18},"end":{"line":62,"column":34}},"loc":{"start":{"line":62,"column":44},"end":{"line":62,"column":57}},"line":62},"5":{"name":"(anonymous_5)","decl":{"start":{"line":65,"column":2},"end":{"line":65,"column":18}},"loc":{"start":{"line":65,"column":18},"end":{"line":67,"column":5}},"line":65},"6":{"name":"(anonymous_6)","decl":{"start":{"line":70,"column":2},"end":{"line":70,"column":18}},"loc":{"start":{"line":70,"column":18},"end":{"line":108,"column":5}},"line":70},"7":{"name":"(anonymous_7)","decl":{"start":{"line":93,"column":12},"end":{"line":93,"column":33}},"loc":{"start":{"line":93,"column":33},"end":{"line":103,"column":null}},"line":93},"8":{"name":"(anonymous_8)","decl":{"start":{"line":106,"column":6},"end":{"line":106,"column":19}},"loc":{"start":{"line":106,"column":19},"end":{"line":106,"column":null}},"line":106}},"branchMap":{"0":{"loc":{"start":{"line":12,"column":22},"end":{"line":12,"column":38}},"type":"binary-expr","locations":[{"start":{"line":12,"column":22},"end":{"line":12,"column":36}},{"start":{"line":12,"column":36},"end":{"line":12,"column":38}}],"line":12},"1":{"loc":{"start":{"line":14,"column":2},"end":{"line":39,"column":null}},"type":"switch","locations":[{"start":{"line":15,"column":4},"end":{"line":15,"column":null}},{"start":{"line":16,"column":4},"end":{"line":16,"column":null}},{"start":{"line":17,"column":4},"end":{"line":17,"column":null}},{"start":{"line":18,"column":4},"end":{"line":19,"column":null}},{"start":{"line":21,"column":4},"end":{"line":21,"column":null}},{"start":{"line":22,"column":4},"end":{"line":22,"column":null}},{"start":{"line":23,"column":4},"end":{"line":23,"column":null}},{"start":{"line":24,"column":4},"end":{"line":25,"column":null}},{"start":{"line":27,"column":4},"end":{"line":28,"column":null}},{"start":{"line":30,"column":4},"end":{"line":30,"column":null}},{"start":{"line":31,"column":4},"end":{"line":32,"column":null}},{"start":{"line":34,"column":4},"end":{"line":35,"column":null}},{"start":{"line":37,"column":4},"end":{"line":38,"column":null}}],"line":14},"2":{"loc":{"start":{"line":46,"column":2},"end":{"line":48,"column":null}},"type":"if","locations":[{"start":{"line":46,"column":2},"end":{"line":48,"column":null}},{"start":{},"end":{}}],"line":46},"3":{"loc":{"start":{"line":46,"column":6},"end":{"line":46,"column":99}},"type":"binary-expr","locations":[{"start":{"line":46,"column":6},"end":{"line":46,"column":39}},{"start":{"line":46,"column":39},"end":{"line":46,"column":99}}],"line":46},"4":{"loc":{"start":{"line":71,"column":21},"end":{"line":71,"column":null}},"type":"binary-expr","locations":[{"start":{"line":71,"column":21},"end":{"line":71,"column":37}},{"start":{"line":71,"column":37},"end":{"line":71,"column":null}}],"line":71},"5":{"loc":{"start":{"line":74,"column":4},"end":{"line":76,"column":null}},"type":"if","locations":[{"start":{"line":74,"column":4},"end":{"line":76,"column":null}},{"start":{},"end":{}}],"line":74},"6":{"loc":{"start":{"line":82,"column":4},"end":{"line":88,"column":null}},"type":"if","locations":[{"start":{"line":82,"column":4},"end":{"line":88,"column":null}},{"start":{"line":85,"column":11},"end":{"line":88,"column":null}}],"line":82},"7":{"loc":{"start":{"line":91,"column":4},"end":{"line":107,"column":null}},"type":"if","locations":[{"start":{"line":91,"column":4},"end":{"line":107,"column":null}},{"start":{},"end":{}}],"line":91},"8":{"loc":{"start":{"line":91,"column":8},"end":{"line":91,"column":80}},"type":"binary-expr","locations":[{"start":{"line":91,"column":8},"end":{"line":91,"column":49}},{"start":{"line":91,"column":49},"end":{"line":91,"column":80}}],"line":91},"9":{"loc":{"start":{"line":96,"column":8},"end":{"line":102,"column":null}},"type":"if","locations":[{"start":{"line":96,"column":8},"end":{"line":102,"column":null}},{"start":{"line":99,"column":15},"end":{"line":102,"column":null}}],"line":96}},"s":{"0":2,"1":22,"2":22,"3":6,"4":6,"5":1,"6":4,"7":3,"8":2,"9":2,"10":2,"11":0,"12":2,"13":4,"14":14,"15":4,"16":14,"17":4,"18":4,"19":4,"20":4,"21":4,"22":4,"23":1,"24":4,"25":4,"26":4,"27":2,"28":2,"29":2,"30":2,"31":4,"32":1,"33":1,"34":1,"35":1,"36":1,"37":1,"38":1,"39":0,"40":0,"41":1,"42":1,"43":1,"44":4},"f":{"0":22,"1":2,"2":4,"3":14,"4":14,"5":4,"6":4,"7":1,"8":1},"b":{"0":[22,1],"1":[3,4,5,6,3,4,5,6,1,3,4,3,2],"2":[2,0],"3":[2,2],"4":[4,0],"5":[1,3],"6":[2,2],"7":[1,3],"8":[4,1],"9":[1,0]},"meta":{"lastBranch":10,"lastFunction":9,"lastStatement":45,"seen":{"s:1:0:1:Infinity":0,"f:11:16:11:31":0,"s:12:8:12:Infinity":1,"b:12:22:12:36:12:36:12:38":0,"b:15:4:15:Infinity:16:4:16:Infinity:17:4:17:Infinity:18:4:19:Infinity:21:4:21:Infinity:22:4:22:Infinity:23:4:23:Infinity:24:4:25:Infinity:27:4:28:Infinity:30:4:30:Infinity:31:4:32:Infinity:34:4:35:Infinity:37:4:38:Infinity":1,"s:14:2:39:Infinity":2,"s:19:6:19:Infinity":3,"s:25:6:25:Infinity":4,"s:28:6:28:Infinity":5,"s:32:6:32:Infinity":6,"s:35:6:35:Infinity":7,"s:38:6:38:Infinity":8,"f:45:9:45:45":1,"b:46:2:48:Infinity:undefined:undefined:undefined:undefined":2,"s:46:2:48:Infinity":9,"b:46:6:46:39:46:39:46:99":3,"s:47:4:47:Infinity":10,"s:49:2:49:Infinity":11,"s:60:13:111:Infinity":12,"f:60:13:60:54":2,"s:61:23:61:Infinity":13,"f:61:23:61:39":3,"s:61:49:61:69":14,"s:62:18:62:Infinity":15,"f:62:18:62:34":4,"s:62:44:62:57":16,"s:65:2:67:Infinity":17,"f:65:2:65:18":5,"s:66:4:66:Infinity":18,"s:70:2:108:Infinity":19,"f:70:2:70:18":6,"s:71:21:71:Infinity":20,"b:71:21:71:37:71:37:71:Infinity":4,"s:72:22:72:Infinity":21,"b:74:4:76:Infinity:undefined:undefined:undefined:undefined":5,"s:74:4:76:Infinity":22,"s:75:6:75:Infinity":23,"s:78:17:78:Infinity":24,"s:79:4:79:Infinity":25,"b:82:4:88:Infinity:85:11:88:Infinity":6,"s:82:4:88:Infinity":26,"s:83:6:83:Infinity":27,"s:84:6:84:Infinity":28,"s:86:6:86:Infinity":29,"s:87:6:87:Infinity":30,"b:91:4:107:Infinity:undefined:undefined:undefined:undefined":7,"s:91:4:107:Infinity":31,"b:91:8:91:49:91:49:91:80":8,"s:92:25:92:Infinity":32,"s:93:12:103:Infinity":33,"f:93:12:93:33":7,"s:94:28:94:Infinity":34,"s:95:8:95:Infinity":35,"b:96:8:102:Infinity:99:15:102:Infinity":9,"s:96:8:102:Infinity":36,"s:97:10:97:Infinity":37,"s:98:10:98:Infinity":38,"s:100:10:100:Infinity":39,"s:101:10:101:Infinity":40,"s:105:6:105:Infinity":41,"s:106:6:106:Infinity":42,"f:106:6:106:19":8,"s:106:19:106:Infinity":43,"s:110:2:110:Infinity":44},"fnNames":{}}}
}
